#
# A fatal error has been detected by the Java Runtime Environment:
#
#  Internal Error (os_windows.cpp:3937), pid=3292, tid=3100
#  Error: guarantee(_ParkHandle != 0,"Invariant")
#
# JRE version: 6.0_19-b04
# Java VM: Java HotSpot(TM) Client VM (16.2-b04 mixed mode windows-x86 )
# If you would like to submit a bug report, please visit:
#   http://java.sun.com/webapps/bugreport/crash.jsp
#

---------------  T H R E A D  ---------------

Current thread (0x0240b800):  JavaThread "JDWP Event Helper Thread" daemon [_thread_in_vm, id=3100, stack(0x189c0000,0x18a10000)]

Stack: [0x189c0000,0x18a10000],  sp=0x18a0faac,  free space=13e18a0fabck
Native frames: (J=compiled Java code, j=interpreted, Vv=VM code, C=native code)
V  [jvm.dll+0x1f4180]
V  [jvm.dll+0xa1d78]
V  [jvm.dll+0x17d816]
V  [jvm.dll+0x16f6f6]
V  [jvm.dll+0x16fa54]
V  [jvm.dll+0x1280a9]


---------------  P R O C E S S  ---------------

Java Threads: ( => current thread )
  0x18d1c000 JavaThread "main" [_thread_in_native, id=328, stack(0x19260000,0x192b0000)]
  0x18cb6c00 JavaThread "main" [_thread_blocked, id=2348, stack(0x19140000,0x19190000)]
  0x003a9c00 JavaThread "DestroyJavaVM" [_thread_blocked, id=2112, stack(0x003b0000,0x00400000)]
  0x18d16c00 JavaThread "BlueJ worker thread" [_thread_blocked, id=2752, stack(0x192f0000,0x19340000)]
  0x18cb7400 JavaThread "AWT-Windows" daemon [_thread_in_native, id=4080, stack(0x191d0000,0x19220000)]
  0x18cb6800 JavaThread "Java2D Disposer" daemon [_thread_blocked, id=3376, stack(0x190b0000,0x19100000)]
  0x02422800 JavaThread "Low Memory Detector" daemon [_thread_blocked, id=3960, stack(0x18b80000,0x18bd0000)]
  0x0241f000 JavaThread "CompilerThread0" daemon [_thread_blocked, id=388, stack(0x18af0000,0x18b40000)]
  0x0240cc00 JavaThread "JDWP Command Reader" daemon [_thread_in_native, id=3788, stack(0x18a60000,0x18ab0000)]
=>0x0240b800 JavaThread "JDWP Event Helper Thread" daemon [_thread_in_vm, id=3100, stack(0x189c0000,0x18a10000)]
  0x02409000 JavaThread "JDWP Transport Listener: dt_shmem" daemon [_thread_blocked, id=2772, stack(0x18930000,0x18980000)]
  0x023fc400 JavaThread "Attach Listener" daemon [_thread_blocked, id=3416, stack(0x18890000,0x188e0000)]
  0x023f9400 JavaThread "Signal Dispatcher" daemon [_thread_blocked, id=2356, stack(0x18800000,0x18850000)]
  0x023ce000 JavaThread "Finalizer" daemon [_thread_blocked, id=2496, stack(0x18770000,0x187c0000)]
  0x023c9000 JavaThread "Reference Handler" daemon [_thread_blocked, id=3976, stack(0x186e0000,0x18730000)]

Other Threads:
  0x023c6c00 VMThread [stack: 0x18650000,0x186a0000] [id=3320]
  0x02424800 WatcherThread [stack: 0x18c10000,0x18c60000] [id=4036]

VM state:not at safepoint (normal execution)

VM Mutex/Monitor currently owned by a thread: None

Heap
 def new generation   total 4928K, used 1183K [0x044d0000, 0x04a20000, 0x09a20000)
  eden space 4416K,  26% used [0x044d0000, 0x045f7e60, 0x04920000)
  from space 512K,   0% used [0x04920000, 0x04920000, 0x049a0000)
  to   space 512K,   0% used [0x049a0000, 0x049a0000, 0x04a20000)
 tenured generation   total 10944K, used 0K [0x09a20000, 0x0a4d0000, 0x144d0000)
   the space 10944K,   0% used [0x09a20000, 0x09a20000, 0x09a20200, 0x0a4d0000)
 compacting perm gen  total 12288K, used 3518K [0x144d0000, 0x150d0000, 0x184d0000)
   the space 12288K,  28% used [0x144d0000, 0x1483fbe0, 0x1483fc00, 0x150d0000)
No shared spaces configured.

Dynamic libraries:
0x00400000 - 0x00424000 	C:\Program Files (x86)\Java\jdk1.6.0_19\jre\bin\java.exe
0x77780000 - 0x77900000 	C:\windows\SysWOW64\ntdll.dll
0x76310000 - 0x76410000 	C:\windows\syswow64\kernel32.dll
0x76860000 - 0x768a6000 	C:\windows\syswow64\KERNELBASE.dll
0x772e0000 - 0x77380000 	C:\windows\syswow64\ADVAPI32.dll
0x768b0000 - 0x7695c000 	C:\windows\syswow64\msvcrt.dll
0x76470000 - 0x76489000 	C:\windows\SysWOW64\sechost.dll
0x76c90000 - 0x76d80000 	C:\windows\syswow64\RPCRT4.dll
0x752f0000 - 0x75350000 	C:\windows\syswow64\SspiCli.dll
0x752e0000 - 0x752ec000 	C:\windows\syswow64\CRYPTBASE.dll
0x7c340000 - 0x7c396000 	C:\Program Files (x86)\Java\jdk1.6.0_19\jre\bin\msvcr71.dll
0x6d8b0000 - 0x6db47000 	C:\Program Files (x86)\Java\jdk1.6.0_19\jre\bin\client\jvm.dll
0x76560000 - 0x76660000 	C:\windows\syswow64\USER32.dll
0x766f0000 - 0x76780000 	C:\windows\syswow64\GDI32.dll
0x76850000 - 0x7685a000 	C:\windows\syswow64\LPK.dll
0x771b0000 - 0x7724d000 	C:\windows\syswow64\USP10.dll
0x75080000 - 0x750b2000 	C:\windows\system32\WINMM.dll
0x770d0000 - 0x77130000 	C:\windows\system32\IMM32.DLL
0x76490000 - 0x7655c000 	C:\windows\syswow64\MSCTF.dll
0x73360000 - 0x733ab000 	C:\windows\system32\apphelp.dll
0x6d860000 - 0x6d86c000 	C:\Program Files (x86)\Java\jdk1.6.0_19\jre\bin\verify.dll
0x6d3e0000 - 0x6d3ff000 	C:\Program Files (x86)\Java\jdk1.6.0_19\jre\bin\java.dll
0x6d340000 - 0x6d348000 	C:\Program Files (x86)\Java\jdk1.6.0_19\jre\bin\hpi.dll
0x77750000 - 0x77755000 	C:\windows\syswow64\PSAPI.DLL
0x6d430000 - 0x6d459000 	C:\Program Files (x86)\Java\jdk1.6.0_19\jre\bin\jdwp.dll
0x6d750000 - 0x6d756000 	C:\Program Files (x86)\Java\jdk1.6.0_19\jre\bin\npt.dll
0x6d8a0000 - 0x6d8af000 	C:\Program Files (x86)\Java\jdk1.6.0_19\jre\bin\zip.dll
0x6d2a0000 - 0x6d2a8000 	C:\Program Files (x86)\Java\jdk1.6.0_19\jre\bin\dt_shmem.dll
0x6d0b0000 - 0x6d1fa000 	C:\Program Files (x86)\Java\jdk1.6.0_19\jre\bin\awt.dll
0x75100000 - 0x75151000 	C:\windows\system32\WINSPOOL.DRV
0x76b30000 - 0x76c8c000 	C:\windows\syswow64\ole32.dll
0x72990000 - 0x72b2e000 	C:\windows\WinSxS\x86_microsoft.windows.common-controls_6595b64144ccf1df_6.0.7600.16661_none_420fe3fa2b8113bd\COMCTL32.dll
0x76960000 - 0x769b7000 	C:\windows\syswow64\SHLWAPI.dll
0x751c0000 - 0x751d3000 	C:\windows\system32\DWMAPI.DLL
0x72c50000 - 0x72cd0000 	C:\windows\system32\uxtheme.dll

VM Arguments:
jvm_args: -Xdebug -Xnoagent -Xrunjdwp:transport=dt_shmem,address=bluej11,server=y,suspend=y 
java_command: bluej.runtime.ExecServer
Launcher Type: SUN_STANDARD

Environment Variables:
CLASSPATH=.;C:\Program Files (x86)\Java\jre6\lib\ext\QTJava.zip
PATH=C:\windows\system32;C:\windows;C:\windows\System32\Wbem;C:\windows\System32\WindowsPowerShell\v1.0\;C:\Program Files (x86)\QuickTime\QTSystem\
USERNAME=Students
OS=Windows_NT
PROCESSOR_IDENTIFIER=Intel64 Family 6 Model 23 Stepping 10, GenuineIntel



---------------  S Y S T E M  ---------------

OS: Windows 7 Build 7600 

CPU:total 2 (2 cores per cpu, 1 threads per core) family 6 model 23 stepping 10, cmov, cx8, fxsr, mmx, sse, sse2, sse3, ssse3, sse4.1

Memory: 4k page, physical 4091488k(2928004k free), swap 8181080k(6861728k free)

vm_info: Java HotSpot(TM) Client VM (16.2-b04) for windows-x86 JRE (1.6.0_19-b04), built on Mar  9 2010 00:48:41 by "java_re" with MS VC++ 7.1 (VS2003)

time: Mon May 16 14:22:03 2011
elapsed time: 6 seconds

